<?xml version="1.0" encoding="UTF-8"?>
<!-- Generated by org.testng.reporters.JUnitReportReporter -->
<testsuite skipped="0" hostname="CLLK-AKILAT" name="Question3.Question3_TestClass" tests="1" failures="0" timestamp="04 Sep 2019 18:21:24 GMT" time="25.853" errors="0">
  <testcase name="AddAllContactData" time="25.853" classname="Question3.Question3_TestClass"/>
</testsuite> <!-- Question3.Question3_TestClass -->
