<?xml version="1.0" encoding="UTF-8"?>
<!-- Generated by org.testng.reporters.JUnitReportReporter -->
<testsuite skipped="0" hostname="CLLK-AKILAT" name="Question3.Question3_TestClass" tests="1" failures="0" timestamp="03 Sep 2019 13:12:52 GMT" time="18.279" errors="0">
  <testcase name="Empty_MobileNumber" time="18.279" classname="Question3.Question3_TestClass"/>
</testsuite> <!-- Question3.Question3_TestClass -->
