<?xml version="1.0" encoding="UTF-8"?>
<!-- Generated by org.testng.reporters.JUnitReportReporter -->
<testsuite skipped="0" hostname="CLLK-AKILAT" name="Question3.Question3_TestClass" tests="1" failures="0" timestamp="09 Sep 2019 07:27:25 GMT" time="11.574" errors="0">
  <testcase name="Q3_RegistrationForm_PersonalDataPage_ErrorValidationForEmptyFirstName" time="11.574" classname="Question3.Question3_TestClass"/>
</testsuite> <!-- Question3.Question3_TestClass -->
