<?xml version="1.0" encoding="UTF-8"?>
<!-- Generated by org.testng.reporters.JUnitReportReporter -->
<testsuite skipped="0" hostname="CLLK-AKILAT" name="Question2.Question2_TestClass" tests="1" failures="0" timestamp="31 Aug 2019 07:34:55 GMT" time="9.213" errors="0">
  <testcase name="VerifyRememberMeIsChecked" time="9.213" classname="Question2.Question2_TestClass"/>
</testsuite> <!-- Question2.Question2_TestClass -->
