<?xml version="1.0" encoding="UTF-8"?>
<!-- Generated by org.testng.reporters.JUnitReportReporter -->
<testsuite skipped="0" hostname="CLLK-AKILAT" name="Question1.Question_TestClass" tests="15" failures="0" timestamp="27 Aug 2019 17:28:12 GMT" time="130.604" errors="0">
  <testcase name="loadLogin" time="4.201" classname="Question1.Question_TestClass"/>
  <testcase name="CheckDefaultCountryValue" time="4.389" classname="Question1.Question_TestClass"/>
  <testcase name="FillAllData" time="8.411" classname="Question1.Question_TestClass"/>
  <testcase name="EmptyFirstName" time="7.318" classname="Question1.Question_TestClass"/>
  <testcase name="EmptyLastName" time="12.477" classname="Question1.Question_TestClass"/>
  <testcase name="EmptySubject" time="8.507" classname="Question1.Question_TestClass"/>
  <testcase name="MaxLengthFirstName" time="11.905" classname="Question1.Question_TestClass"/>
  <testcase name="MaxLengthLastName" time="8.720" classname="Question1.Question_TestClass"/>
  <testcase name="MaxLengthBoundryWithFirstName" time="12.748" classname="Question1.Question_TestClass"/>
  <testcase name="MaxLengthBoundryWithLastName" time="8.820" classname="Question1.Question_TestClass"/>
  <testcase name="MaxLengthBoundryWithSubject" time="8.037" classname="Question1.Question_TestClass"/>
  <testcase name="MaxLengthSubject" time="6.495" classname="Question1.Question_TestClass"/>
  <testcase name="MultipleLineForSubject" time="7.809" classname="Question1.Question_TestClass"/>
  <testcase name="IncorrectFormatOfFirstName" time="9.203" classname="Question1.Question_TestClass"/>
  <testcase name="IncorrectFormatOfLastName" time="11.564" classname="Question1.Question_TestClass"/>
</testsuite> <!-- Question1.Question_TestClass -->
