<?xml version="1.0" encoding="UTF-8"?>
<!-- Generated by org.testng.reporters.JUnitReportReporter -->
<testsuite skipped="0" hostname="CLLK-AKILAT" name="Question1.Question_TestClass" tests="15" failures="0" timestamp="07 Sep 2019 07:45:41 GMT" time="122.767" errors="0">
  <testcase name="Q1_ResponsiveForm_PageLoading" time="3.963" classname="Question1.Question_TestClass"/>
  <testcase name="Q1_ResponsiveForm_CountryDDL_CheckDefaultValue" time="4.749" classname="Question1.Question_TestClass"/>
  <testcase name="Q1_ResponsiveForm_SucessfullySubmitionWithAllData" time="8.735" classname="Question1.Question_TestClass"/>
  <testcase name="Q1_ResponsiveForm_ErrorValidationForEmptyFirstName" time="9.365" classname="Question1.Question_TestClass"/>
  <testcase name="Q1_ResponsiveForm_ErrorValidationForEmptyLastName" time="9.333" classname="Question1.Question_TestClass"/>
  <testcase name="Q1_ResponsiveForm_ErrorValidationForEmptySubject" time="6.743" classname="Question1.Question_TestClass"/>
  <testcase name="Q1_ResponsiveForm_ErrorValidationForMaxLengthOfFirstName" time="9.472" classname="Question1.Question_TestClass"/>
  <testcase name="Q1_ResponsiveForm_ErrorValidationForMaxLengthOfLastName" time="7.534" classname="Question1.Question_TestClass"/>
  <testcase name="Q1_ResponsiveForm_VerifyMaxLengthBoundryWithFirstName" time="8.992" classname="Question1.Question_TestClass"/>
  <testcase name="Q1_ResponsiveForm_VerifyMaxLengthBoundryWithLastName" time="10.714" classname="Question1.Question_TestClass"/>
  <testcase name="Q1_ResponsiveForm_ErrorValidationForMaxLengthSubject" time="7.128" classname="Question1.Question_TestClass"/>
  <testcase name="Q1_ResponsiveForm_VerifyMaxLengthBoundryWithSubject" time="8.589" classname="Question1.Question_TestClass"/>
  <testcase name="Q1_ResponsiveForm_VerifyUserAbleToAddMultipleLineForSubject" time="8.481" classname="Question1.Question_TestClass"/>
  <testcase name="Q1_ResponsiveForm_ErrorValidationForIncorrectFormatOfFirstName" time="6.854" classname="Question1.Question_TestClass"/>
  <testcase name="Q1_ResponsiveForm_ErrorValidationForIncorrectFormatOfLastName" time="12.115" classname="Question1.Question_TestClass"/>
</testsuite> <!-- Question1.Question_TestClass -->
