<?xml version="1.0" encoding="UTF-8"?>
<!-- Generated by org.testng.reporters.JUnitReportReporter -->
<testsuite skipped="0" hostname="CLLK-AKILAT" name="Question3.Question3_TestClass" tests="1" failures="0" timestamp="06 Sep 2019 13:25:51 GMT" time="30.311" errors="0">
  <testcase name="MaxLength_NotExceded_UserName" time="30.311" classname="Question3.Question3_TestClass"/>
</testsuite> <!-- Question3.Question3_TestClass -->
