<?xml version="1.0" encoding="UTF-8"?>
<!-- Generated by org.testng.reporters.JUnitReportReporter -->
<testsuite skipped="0" hostname="CLLK-AKILAT" name="Question3.Question3_TestClass" tests="1" failures="0" timestamp="07 Sep 2019 16:38:28 GMT" time="30.909" errors="0">
  <testcase name="Q3_RegistrationForm_UserInfrorationPage_VerifyTheValiedUserName" time="30.909" classname="Question3.Question3_TestClass"/>
</testsuite> <!-- Question3.Question3_TestClass -->
