<?xml version="1.0" encoding="UTF-8"?>
<!-- Generated by org.testng.reporters.JUnitReportReporter -->
<testsuite skipped="0" hostname="CLLK-AKILAT" name="Question2.Question2_TestClass" tests="10" failures="0" timestamp="07 Sep 2019 12:06:10 GMT" time="114.881" errors="0">
  <testcase name="Q2_ModalLoginPage_FrontPageLoading" time="7.594" classname="Question2.Question2_TestClass"/>
  <testcase name="Q2_ModalLoginPage_VerifySilentTexts" time="9.363" classname="Question2.Question2_TestClass"/>
  <testcase name="Q2_ModalLoginPage_SucessfullyLoginWithAllData" time="15.480" classname="Question2.Question2_TestClass"/>
  <testcase name="Q2_ModalLoginPage_ErrorValidationForInvalidUserName" time="14.655" classname="Question2.Question2_TestClass"/>
  <testcase name="Q2_ModalLoginPage_ErrorValidationForInvalidPassword" time="14.564" classname="Question2.Question2_TestClass"/>
  <testcase name="Q2_ModalLoginPage_ErrorValidationForEmptyUserName" time="10.622" classname="Question2.Question2_TestClass"/>
  <testcase name="Q2_ModalLoginPage_ErrorValidationForEmptyPassword" time="10.443" classname="Question2.Question2_TestClass"/>
  <testcase name="Q2_ModalLoginPage_VerifyRememberMeIsChecked" time="9.245" classname="Question2.Question2_TestClass"/>
  <testcase name="Q2_ModalLoginPage_VerifyRememberMeIsUnchecked" time="13.442" classname="Question2.Question2_TestClass"/>
  <testcase name="Q2_ModalLoginPage_VerifyForgotPasswordLink" time="9.473" classname="Question2.Question2_TestClass"/>
</testsuite> <!-- Question2.Question2_TestClass -->
